<?xml version="1.0" encoding="UTF-8"?>
<testng-results ignored="0" total="1" passed="1" failed="0" skipped="0">
  <reporter-output>
  </reporter-output>
  <suite started-at="2023-08-28T13:06:40 IST" name="Default suite" finished-at="2023-08-28T13:06:57 IST" duration-ms="17411">
    <groups>
    </groups>
    <test started-at="2023-08-28T13:06:40 IST" name="Default test" finished-at="2023-08-28T13:06:57 IST" duration-ms="17411">
      <class name="githubaction.login">
        <test-method signature="test()[pri:0, instance:githubaction.login@5b38c1ec]" started-at="2023-08-28T13:06:40 IST" name="test" finished-at="2023-08-28T13:06:57 IST" duration-ms="17005" status="PASS">
          <reporter-output>
          </reporter-output>
        </test-method> <!-- test -->
      </class> <!-- githubaction.login -->
    </test> <!-- Default test -->
  </suite> <!-- Default suite -->
</testng-results>
